Begin Time:2019-11-10 22:36:57.924
[2019-11-10 22:36:57.924][P:4248/T:1588][AVNetSDKMgr.cpp:358][Info][0] Load avnetsdk library dynamically
[2019-11-10 22:36:57.928][P:4248/T:1588][AVNetSDKMgr.cpp:382][Info][0] avnetsdk module handle: 0000000027A30000

[2019-11-10 22:36:57.928][P:4248/T:1588][AVNetSDKMgr.cpp:702][Info][0] Load configsdk dynamically
[2019-11-10 22:36:57.931][P:4248/T:1588][dhnetsdk.cpp:186][Info][0] Enter CLIENT_SetAutoReconnect:[cbAutoConnect=0000000020740050, dwUser=0000000000000000].
[2019-11-10 22:36:57.931][P:4248/T:1588][dhnetsdk.cpp:188][Info][0] Leave CLIENT_SetAutoReconnect.
[2019-11-10 22:36:57.931][P:4248/T:1588][dhnetsdk.cpp:206][Info][0] Enter CLIENT_SetConnectTime:[nWaitTime=5000, nTryTimes=1].
[2019-11-10 22:36:57.931][P:4248/T:1588][dhnetsdk.cpp:219][Info][0] Leave CLIENT_SetConnectTime.
[2019-11-10 22:36:57.932][P:4248/T:1588][dhnetsdk.cpp:230][Info][0] Enter CLIENT_SetNetworkParam:[nWaittime=0, nConnectTime=10000, nConnectTryNum=0, nSubConnectSpaceTime=0, nGetDevInfoTime=0, nConnectBufSize=0, nGetConnInfoTime=3000, nSearchRecordTime=0, nsubDisconnetTime=0, byNetType=0, byPlaybackBufSize=0, bDetectDisconnTime=0, bKeepLifeInterval=0, nPicBufSize=0].
[2019-11-10 22:36:57.932][P:4248/T:1588][dhnetsdk.cpp:245][Info][0] Leave CLIENT_SetNetworkParam.
[2019-11-10 22:36:57.933][P:4248/T:1588][dhnetsdk.cpp:582][Info][0] Enter CLIENT_LoginEx2. [IP=192.168.0.208, port=37777, SpeCap=0, lpDeviceInfo=000000002076CA40.]
[2019-11-10 22:37:07.933][P:4248/T:1588][TPTCPClient.cpp:378][Error][90010007] Connect host failed, ip:192.168.0.208
[2019-11-10 22:37:07.933][P:4248/T:1588][dhdevprob.cpp:2226][Error][8000040a] Failed to create main connection
[2019-11-10 22:37:07.933][P:4248/T:1588][Manager.cpp:7549][Error][90010002] device is NULL
[2019-11-10 22:37:07.933][P:4248/T:1588][Manager.cpp:7646][Error][90010002] Login device failed, errorcode:9!
[2019-11-10 22:37:07.933][P:4248/T:1588][dhnetsdk.cpp:609][Error][90010002] Login failed, ip:192.168.0.208, port:37777, specCap:0!
[2019-11-10 22:37:07.934][P:4248/T:1588][dhnetsdk.cpp:618][Info][0] Leave CLIENT_LoginEx2. [error=9, login ID=0.]
[2019-11-10 22:37:07.936][P:4248/T:1588][dhnetsdk.cpp:6505][Info][0] Enter CLIENT_GetLastError.
[2019-11-10 22:37:07.936][P:4248/T:1588][dhnetsdk.cpp:6508][Info][0] Leave CLIENT_GetLastError.[Error code=8000006b.]
[2019-11-10 22:37:07.937][P:4248/T:1588][dhnetsdk.cpp:6505][Info][0] Enter CLIENT_GetLastError.
[2019-11-10 22:37:07.937][P:4248/T:1588][dhnetsdk.cpp:6508][Info][0] Leave CLIENT_GetLastError.[Error code=8000006b.]
